<?xml version="1.0" encoding="UTF-8"?>
<testsuite xmlns:xsi="http://www.w3.org/2001/XMLSchema-instance" xsi:noNamespaceSchemaLocation="https://maven.apache.org/surefire/maven-surefire-plugin/xsd/surefire-test-report.xsd" version="3.0.2" name="com.moodify.controller.MoodEntryControllerTest" time="5.679" tests="1" errors="0" skipped="0" failures="0">
  <properties>
[...]
</properties>
  <testcase name="fullCrudFlow" classname="com.moodify.controller.MoodEntryControllerTest" time="0.775">
    <system-out><![CDATA[12:37:09.767 [main] INFO org.springframework.test.context.support.AnnotationConfigContextLoaderUtils -- Could not detect default configuration classes for test class [com.moodify.controller.MoodEntryControllerTest]: MoodEntryControllerTest does not declare any static, non-private, non-final, nested classes annotated with @Configuration.
12:37:09.954 [main] INFO org.springframework.boot.test.context.SpringBootTestContextBootstrapper -- Found @SpringBootConfiguration com.moodify.MoodifyApplication for test class com.moodify.controller.MoodEntryControllerTest

  .   ____          _            __ _ _
 /\\ / ___'_ __ _ _(_)_ __  __ _ \ \ \ \
( ( )\___ | '_ | '_| | '_ \/ _` | \ \ \ \
 \\/  ___)| |_)| | | | | || (_| |  ) ) ) )
  '  |____| .__|_| |_|_| |_\__, | / / / /
 =========|_|==============|___/=/_/_/_/

 :: Spring Boot ::                (v3.5.7)

2025-11-12T12:37:10.492+07:00  INFO 26416 --- [           main] c.m.controller.MoodEntryControllerTest   : Starting MoodEntryControllerTest using Java 23.0.1 with PID 26416 (started by ACER in D:\TUGAS DAN MATERI\SMT3\Praktek Pemrograman Berorientasi Obyek\projek_uas\moodify-springboot)
2025-11-12T12:37:10.494+07:00  INFO 26416 --- [           main] c.m.controller.MoodEntryControllerTest   : The following 1 profile is active: "dev"
2025-11-12T12:37:11.294+07:00  INFO 26416 --- [           main] .s.d.r.c.RepositoryConfigurationDelegate : Bootstrapping Spring Data JPA repositories in DEFAULT mode.
2025-11-12T12:37:11.369+07:00  INFO 26416 --- [           main] .s.d.r.c.RepositoryConfigurationDelegate : Finished Spring Data repository scanning in 60 ms. Found 2 JPA repository interfaces.
2025-11-12T12:37:11.946+07:00  INFO 26416 --- [           main] o.hibernate.jpa.internal.util.LogHelper  : HHH000204: Processing PersistenceUnitInfo [name: default]
2025-11-12T12:37:12.034+07:00  INFO 26416 --- [           main] org.hibernate.Version                    : HHH000412: Hibernate ORM core version 6.6.33.Final
2025-11-12T12:37:12.075+07:00  INFO 26416 --- [           main] o.h.c.internal.RegionFactoryInitiator    : HHH000026: Second-level cache disabled
2025-11-12T12:37:12.444+07:00  INFO 26416 --- [           main] o.s.o.j.p.SpringPersistenceUnitInfo      : No LoadTimeWeaver setup: ignoring JPA class transformer
2025-11-12T12:37:12.469+07:00  INFO 26416 --- [           main] com.zaxxer.hikari.HikariDataSource       : HikariPool-1 - Starting...
2025-11-12T12:37:12.612+07:00  INFO 26416 --- [           main] com.zaxxer.hikari.pool.HikariPool        : HikariPool-1 - Added connection conn0: url=jdbc:h2:mem:moodify user=SA
2025-11-12T12:37:12.613+07:00  INFO 26416 --- [           main] com.zaxxer.hikari.HikariDataSource       : HikariPool-1 - Start completed.
2025-11-12T12:37:12.661+07:00  INFO 26416 --- [           main] org.hibernate.orm.connections.pooling    : HHH10001005: Database info:
	Database JDBC URL [Connecting through datasource 'HikariDataSource (HikariPool-1)']
	Database driver: undefined/unknown
	Database version: 2.3.232
	Autocommit mode: undefined/unknown
	Isolation level: undefined/unknown
	Minimum pool size: undefined/unknown
	Maximum pool size: undefined/unknown
2025-11-12T12:37:13.305+07:00  INFO 26416 --- [           main] o.h.e.t.j.p.i.JtaPlatformInitiator       : HHH000489: No JTA platform available (set 'hibernate.transaction.jta.platform' to enable JTA platform integration)
2025-11-12T12:37:13.341+07:00 DEBUG 26416 --- [           main] org.hibernate.SQL                        : 
    create table moods (
        id uuid not null,
        mood varchar(255),
        score integer,
        timestamp timestamp(6) with time zone,
        user_id uuid,
        primary key (id)
    )
Hibernate: 
    create table moods (
        id uuid not null,
        mood varchar(255),
        score integer,
        timestamp timestamp(6) with time zone,
        user_id uuid,
        primary key (id)
    )
2025-11-12T12:37:13.345+07:00 DEBUG 26416 --- [           main] org.hibernate.SQL                        : 
    create table users (
        id uuid not null,
        created_at timestamp(6) with time zone,
        password_hash varchar(255),
        username varchar(255),
        primary key (id)
    )
Hibernate: 
    create table users (
        id uuid not null,
        created_at timestamp(6) with time zone,
        password_hash varchar(255),
        username varchar(255),
        primary key (id)
    )
2025-11-12T12:37:13.347+07:00 DEBUG 26416 --- [           main] org.hibernate.SQL                        : 
    alter table if exists moods 
       add constraint FK5ep80wqsx06cvyumhs8fopms0 
       foreign key (user_id) 
       references users
Hibernate: 
    alter table if exists moods 
       add constraint FK5ep80wqsx06cvyumhs8fopms0 
       foreign key (user_id) 
       references users
2025-11-12T12:37:13.354+07:00  INFO 26416 --- [           main] j.LocalContainerEntityManagerFactoryBean : Initialized JPA EntityManagerFactory for persistence unit 'default'
2025-11-12T12:37:13.952+07:00  WARN 26416 --- [           main] JpaBaseConfiguration$JpaWebConfiguration : spring.jpa.open-in-view is enabled by default. Therefore, database queries may be performed during view rendering. Explicitly configure spring.jpa.open-in-view to disable this warning
2025-11-12T12:37:14.482+07:00  INFO 26416 --- [           main] o.s.b.t.m.w.SpringBootMockServletContext : Initializing Spring TestDispatcherServlet ''
2025-11-12T12:37:14.482+07:00  INFO 26416 --- [           main] o.s.t.web.servlet.TestDispatcherServlet  : Initializing Servlet ''
2025-11-12T12:37:14.484+07:00  INFO 26416 --- [           main] o.s.t.web.servlet.TestDispatcherServlet  : Completed initialization in 1 ms
2025-11-12T12:37:14.512+07:00  INFO 26416 --- [           main] c.m.controller.MoodEntryControllerTest   : Started MoodEntryControllerTest in 4.379 seconds (process running for 5.489)
2025-11-12T12:37:14.969+07:00 DEBUG 26416 --- [           main] org.hibernate.SQL                        : 
    insert 
    into
        users
        (password_hash, username, id) 
    values
        (?, ?, ?)
Hibernate: 
    insert 
    into
        users
        (password_hash, username, id) 
    values
        (?, ?, ?)
2025-11-12T12:37:15.128+07:00 DEBUG 26416 --- [           main] org.hibernate.SQL                        : 
    select
        u1_0.id,
        u1_0.created_at,
        u1_0.password_hash,
        u1_0.username 
    from
        users u1_0 
    where
        u1_0.id=?
Hibernate: 
    select
        u1_0.id,
        u1_0.created_at,
        u1_0.password_hash,
        u1_0.username 
    from
        users u1_0 
    where
        u1_0.id=?
2025-11-12T12:37:15.143+07:00 DEBUG 26416 --- [           main] org.hibernate.SQL                        : 
    insert 
    into
        moods
        (mood, score, user_id, id) 
    values
        (?, ?, ?, ?)
Hibernate: 
    insert 
    into
        moods
        (mood, score, user_id, id) 
    values
        (?, ?, ?, ?)
2025-11-12T12:37:15.235+07:00 DEBUG 26416 --- [           main] org.hibernate.SQL                        : 
    select
        me1_0.id,
        me1_0.mood,
        me1_0.score,
        me1_0.timestamp,
        me1_0.user_id 
    from
        moods me1_0
Hibernate: 
    select
        me1_0.id,
        me1_0.mood,
        me1_0.score,
        me1_0.timestamp,
        me1_0.user_id 
    from
        moods me1_0
2025-11-12T12:37:15.252+07:00 DEBUG 26416 --- [           main] org.hibernate.SQL                        : 
    select
        me1_0.id,
        me1_0.mood,
        me1_0.score,
        me1_0.timestamp,
        me1_0.user_id 
    from
        moods me1_0 
    where
        me1_0.id=?
Hibernate: 
    select
        me1_0.id,
        me1_0.mood,
        me1_0.score,
        me1_0.timestamp,
        me1_0.user_id 
    from
        moods me1_0 
    where
        me1_0.id=?
2025-11-12T12:37:15.259+07:00 DEBUG 26416 --- [           main] org.hibernate.SQL                        : 
    select
        me1_0.id,
        me1_0.mood,
        me1_0.score,
        me1_0.timestamp,
        me1_0.user_id 
    from
        moods me1_0 
    where
        me1_0.id=?
Hibernate: 
    select
        me1_0.id,
        me1_0.mood,
        me1_0.score,
        me1_0.timestamp,
        me1_0.user_id 
    from
        moods me1_0 
    where
        me1_0.id=?
2025-11-12T12:37:15.265+07:00 DEBUG 26416 --- [           main] org.hibernate.SQL                        : 
    update
        moods 
    set
        mood=?,
        score=?,
        user_id=? 
    where
        id=?
Hibernate: 
    update
        moods 
    set
        mood=?,
        score=?,
        user_id=? 
    where
        id=?
2025-11-12T12:37:15.272+07:00 DEBUG 26416 --- [           main] org.hibernate.SQL                        : 
    select
        me1_0.id,
        me1_0.mood,
        me1_0.score,
        me1_0.timestamp,
        me1_0.user_id 
    from
        moods me1_0 
    where
        me1_0.id=?
Hibernate: 
    select
        me1_0.id,
        me1_0.mood,
        me1_0.score,
        me1_0.timestamp,
        me1_0.user_id 
    from
        moods me1_0 
    where
        me1_0.id=?
2025-11-12T12:37:15.276+07:00 DEBUG 26416 --- [           main] org.hibernate.SQL                        : 
    delete 
    from
        moods 
    where
        id=?
Hibernate: 
    delete 
    from
        moods 
    where
        id=?
2025-11-12T12:37:15.279+07:00 DEBUG 26416 --- [           main] org.hibernate.SQL                        : 
    select
        me1_0.id,
        me1_0.mood,
        me1_0.score,
        me1_0.timestamp,
        me1_0.user_id 
    from
        moods me1_0 
    where
        me1_0.id=?
Hibernate: 
    select
        me1_0.id,
        me1_0.mood,
        me1_0.score,
        me1_0.timestamp,
        me1_0.user_id 
    from
        moods me1_0 
    where
        me1_0.id=?
]]></system-out>
    <system-err><![CDATA[Mockito is currently self-attaching to enable the inline-mock-maker. This will no longer work in future releases of the JDK. Please add Mockito as an agent to your build as described in Mockito's documentation: https://javadoc.io/doc/org.mockito/mockito-core/latest/org.mockito/org/mockito/Mockito.html#0.3
WARNING: A Java agent has been loaded dynamically (C:\Users\ACER\.m2\repository\net\bytebuddy\byte-buddy-agent\1.17.8\byte-buddy-agent-1.17.8.jar)
WARNING: If a serviceability tool is in use, please run with -XX:+EnableDynamicAgentLoading to hide this warning
WARNING: If a serviceability tool is not in use, please run with -Djdk.instrument.traceUsage for more information
WARNING: Dynamic loading of agents will be disallowed by default in a future release
]]></system-err>
  </testcase>
</testsuite>