<?xml version="1.0" encoding="UTF-8"?>
<testsuite xmlns:xsi="http://www.w3.org/2001/XMLSchema-instance" xsi:noNamespaceSchemaLocation="https://maven.apache.org/surefire/maven-surefire-plugin/xsd/surefire-test-report.xsd" version="3.0.2" name="com.moodify.service.DailyMoodServiceRelativeWeekTest" time="25.661" tests="3" errors="0" skipped="0" failures="0">
  <properties>
[...]
</properties>
  <testcase name="weekNumberIsTwoWhenFirstLogin12DaysAgo" classname="com.moodify.service.DailyMoodServiceRelativeWeekTest" time="2.328">
    <system-out><![CDATA[10:19:14.884 [main] INFO org.springframework.test.context.support.AnnotationConfigContextLoaderUtils -- Could not detect default configuration classes for test class [com.moodify.service.DailyMoodServiceRelativeWeekTest]: DailyMoodServiceRelativeWeekTest does not declare any static, non-private, non-final, nested classes annotated with @Configuration.
10:19:15.253 [main] INFO org.springframework.boot.test.context.SpringBootTestContextBootstrapper -- Found @SpringBootConfiguration com.moodify.MoodifyApplication for test class com.moodify.service.DailyMoodServiceRelativeWeekTest

  .   ____          _            __ _ _
 /\\ / ___'_ __ _ _(_)_ __  __ _ \ \ \ \
( ( )\___ | '_ | '_| | '_ \/ _` | \ \ \ \
 \\/  ___)| |_)| | | | | || (_| |  ) ) ) )
  '  |____| .__|_| |_|_| |_\__, | / / / /
 =========|_|==============|___/=/_/_/_/

 :: Spring Boot ::                (v3.5.7)

2025-11-16T10:19:16.620+07:00  INFO 29992 --- [           main] c.m.s.DailyMoodServiceRelativeWeekTest   : Starting DailyMoodServiceRelativeWeekTest using Java 23.0.1 with PID 29992 (started by ACER in D:\TUGAS DAN MATERI\SMT3\Praktek Pemrograman Berorientasi Obyek\projek_uas\moodify-springboot\server)
2025-11-16T10:19:16.622+07:00  INFO 29992 --- [           main] c.m.s.DailyMoodServiceRelativeWeekTest   : No active profile set, falling back to 1 default profile: "default"
2025-11-16T10:19:19.010+07:00  INFO 29992 --- [           main] .s.d.r.c.RepositoryConfigurationDelegate : Bootstrapping Spring Data JPA repositories in DEFAULT mode.
2025-11-16T10:19:19.200+07:00  INFO 29992 --- [           main] .s.d.r.c.RepositoryConfigurationDelegate : Finished Spring Data repository scanning in 143 ms. Found 3 JPA repository interfaces.
2025-11-16T10:19:20.583+07:00  INFO 29992 --- [           main] com.zaxxer.hikari.HikariDataSource       : HikariPool-1 - Starting...
2025-11-16T10:19:22.005+07:00  INFO 29992 --- [           main] com.zaxxer.hikari.pool.HikariPool        : HikariPool-1 - Added connection org.postgresql.jdbc.PgConnection@59d6642a
2025-11-16T10:19:22.007+07:00  INFO 29992 --- [           main] com.zaxxer.hikari.HikariDataSource       : HikariPool-1 - Start completed.
2025-11-16T10:19:22.084+07:00  INFO 29992 --- [           main] org.flywaydb.core.FlywayExecutor         : Database: jdbc:postgresql://db.uvityxeuaizryuiosebq.supabase.co:5432/postgres?user=postgres&password=********&sslmode=require (PostgreSQL 17.6)
2025-11-16T10:19:22.626+07:00  INFO 29992 --- [           main] o.f.core.internal.command.DbValidate     : Successfully validated 4 migrations (execution time 00:00.186s)
2025-11-16T10:19:23.031+07:00  INFO 29992 --- [           main] o.f.core.internal.command.DbMigrate      : Current version of schema "public": 4
2025-11-16T10:19:23.070+07:00  INFO 29992 --- [           main] o.f.core.internal.command.DbMigrate      : Schema "public" is up to date. No migration necessary.
2025-11-16T10:19:23.651+07:00  INFO 29992 --- [           main] o.hibernate.jpa.internal.util.LogHelper  : HHH000204: Processing PersistenceUnitInfo [name: default]
2025-11-16T10:19:23.819+07:00  INFO 29992 --- [           main] org.hibernate.Version                    : HHH000412: Hibernate ORM core version 6.6.33.Final
2025-11-16T10:19:23.897+07:00  INFO 29992 --- [           main] o.h.c.internal.RegionFactoryInitiator    : HHH000026: Second-level cache disabled
2025-11-16T10:19:24.477+07:00  INFO 29992 --- [           main] o.s.o.j.p.SpringPersistenceUnitInfo      : No LoadTimeWeaver setup: ignoring JPA class transformer
2025-11-16T10:19:24.865+07:00  INFO 29992 --- [           main] org.hibernate.orm.connections.pooling    : HHH10001005: Database info:
	Database JDBC URL [Connecting through datasource 'HikariDataSource (HikariPool-1)']
	Database driver: undefined/unknown
	Database version: 17.6
	Autocommit mode: undefined/unknown
	Isolation level: undefined/unknown
	Minimum pool size: undefined/unknown
	Maximum pool size: undefined/unknown
2025-11-16T10:19:26.502+07:00  INFO 29992 --- [           main] o.h.e.t.j.p.i.JtaPlatformInitiator       : HHH000489: No JTA platform available (set 'hibernate.transaction.jta.platform' to enable JTA platform integration)
2025-11-16T10:19:26.508+07:00  INFO 29992 --- [           main] j.LocalContainerEntityManagerFactoryBean : Initialized JPA EntityManagerFactory for persistence unit 'default'
2025-11-16T10:19:27.711+07:00  WARN 29992 --- [           main] JpaBaseConfiguration$JpaWebConfiguration : spring.jpa.open-in-view is enabled by default. Therefore, database queries may be performed during view rendering. Explicitly configure spring.jpa.open-in-view to disable this warning
2025-11-16T10:19:28.804+07:00  INFO 29992 --- [           main] c.m.s.DailyMoodServiceRelativeWeekTest   : Started DailyMoodServiceRelativeWeekTest in 13.145 seconds (process running for 15.707)
2025-11-16T10:19:29.974+07:00 DEBUG 29992 --- [           main] org.hibernate.SQL                        : 
    select
        dme1_0.id,
        dme1_0.created_at,
        dme1_0.entry_date,
        dme1_0.day_name,
        dme1_0.mood,
        dme1_0.user_id,
        dme1_0.week_number 
    from
        daily_mood_entries dme1_0 
    where
        dme1_0.user_id=? 
        and dme1_0.entry_date between ? and ?
Hibernate: 
    select
        dme1_0.id,
        dme1_0.created_at,
        dme1_0.entry_date,
        dme1_0.day_name,
        dme1_0.mood,
        dme1_0.user_id,
        dme1_0.week_number 
    from
        daily_mood_entries dme1_0 
    where
        dme1_0.user_id=? 
        and dme1_0.entry_date between ? and ?
2025-11-16T10:19:30.110+07:00 DEBUG 29992 --- [           main] org.hibernate.SQL                        : 
    insert 
    into
        users
        (first_login, password_hash, username, id) 
    values
        (?, ?, ?, ?)
Hibernate: 
    insert 
    into
        users
        (first_login, password_hash, username, id) 
    values
        (?, ?, ?, ?)
2025-11-16T10:19:30.157+07:00 DEBUG 29992 --- [           main] org.hibernate.SQL                        : 
    insert 
    into
        daily_mood_entries
        (created_at, entry_date, day_name, mood, user_id, week_number, id) 
    values
        (?, ?, ?, ?, ?, ?, ?)
Hibernate: 
    insert 
    into
        daily_mood_entries
        (created_at, entry_date, day_name, mood, user_id, week_number, id) 
    values
        (?, ?, ?, ?, ?, ?, ?)
2025-11-16T10:19:30.190+07:00 DEBUG 29992 --- [           main] org.hibernate.SQL                        : 
    insert 
    into
        daily_mood_entries
        (created_at, entry_date, day_name, mood, user_id, week_number, id) 
    values
        (?, ?, ?, ?, ?, ?, ?)
Hibernate: 
    insert 
    into
        daily_mood_entries
        (created_at, entry_date, day_name, mood, user_id, week_number, id) 
    values
        (?, ?, ?, ?, ?, ?, ?)
2025-11-16T10:19:30.223+07:00 DEBUG 29992 --- [           main] org.hibernate.SQL                        : 
    insert 
    into
        daily_mood_entries
        (created_at, entry_date, day_name, mood, user_id, week_number, id) 
    values
        (?, ?, ?, ?, ?, ?, ?)
Hibernate: 
    insert 
    into
        daily_mood_entries
        (created_at, entry_date, day_name, mood, user_id, week_number, id) 
    values
        (?, ?, ?, ?, ?, ?, ?)
2025-11-16T10:19:30.258+07:00 DEBUG 29992 --- [           main] org.hibernate.SQL                        : 
    insert 
    into
        daily_mood_entries
        (created_at, entry_date, day_name, mood, user_id, week_number, id) 
    values
        (?, ?, ?, ?, ?, ?, ?)
Hibernate: 
    insert 
    into
        daily_mood_entries
        (created_at, entry_date, day_name, mood, user_id, week_number, id) 
    values
        (?, ?, ?, ?, ?, ?, ?)
2025-11-16T10:19:30.546+07:00 DEBUG 29992 --- [           main] org.hibernate.SQL                        : 
    insert 
    into
        daily_mood_entries
        (created_at, entry_date, day_name, mood, user_id, week_number, id) 
    values
        (?, ?, ?, ?, ?, ?, ?)
Hibernate: 
    insert 
    into
        daily_mood_entries
        (created_at, entry_date, day_name, mood, user_id, week_number, id) 
    values
        (?, ?, ?, ?, ?, ?, ?)
2025-11-16T10:19:30.580+07:00 DEBUG 29992 --- [           main] org.hibernate.SQL                        : 
    insert 
    into
        daily_mood_entries
        (created_at, entry_date, day_name, mood, user_id, week_number, id) 
    values
        (?, ?, ?, ?, ?, ?, ?)
Hibernate: 
    insert 
    into
        daily_mood_entries
        (created_at, entry_date, day_name, mood, user_id, week_number, id) 
    values
        (?, ?, ?, ?, ?, ?, ?)
2025-11-16T10:19:30.612+07:00 DEBUG 29992 --- [           main] org.hibernate.SQL                        : 
    insert 
    into
        daily_mood_entries
        (created_at, entry_date, day_name, mood, user_id, week_number, id) 
    values
        (?, ?, ?, ?, ?, ?, ?)
Hibernate: 
    insert 
    into
        daily_mood_entries
        (created_at, entry_date, day_name, mood, user_id, week_number, id) 
    values
        (?, ?, ?, ?, ?, ?, ?)
2025-11-16T10:19:30.646+07:00 DEBUG 29992 --- [           main] org.hibernate.SQL                        : 
    select
        dme1_0.id,
        dme1_0.created_at,
        dme1_0.entry_date,
        dme1_0.day_name,
        dme1_0.mood,
        dme1_0.user_id,
        dme1_0.week_number 
    from
        daily_mood_entries dme1_0 
    where
        dme1_0.user_id=? 
        and dme1_0.entry_date between ? and ?
Hibernate: 
    select
        dme1_0.id,
        dme1_0.created_at,
        dme1_0.entry_date,
        dme1_0.day_name,
        dme1_0.mood,
        dme1_0.user_id,
        dme1_0.week_number 
    from
        daily_mood_entries dme1_0 
    where
        dme1_0.user_id=? 
        and dme1_0.entry_date between ? and ?
2025-11-16T10:19:30.758+07:00  INFO 29992 --- [           main] j.LocalContainerEntityManagerFactoryBean : Closing JPA EntityManagerFactory for persistence unit 'default'
2025-11-16T10:19:30.765+07:00  INFO 29992 --- [           main] com.zaxxer.hikari.HikariDataSource       : HikariPool-1 - Shutdown initiated...
2025-11-16T10:19:31.140+07:00  INFO 29992 --- [           main] com.zaxxer.hikari.HikariDataSource       : HikariPool-1 - Shutdown completed.
]]></system-out>
    <system-err><![CDATA[Mockito is currently self-attaching to enable the inline-mock-maker. This will no longer work in future releases of the JDK. Please add Mockito as an agent to your build as described in Mockito's documentation: https://javadoc.io/doc/org.mockito/mockito-core/latest/org.mockito/org/mockito/Mockito.html#0.3
WARNING: A Java agent has been loaded dynamically (C:\Users\ACER\.m2\repository\net\bytebuddy\byte-buddy-agent\1.17.8\byte-buddy-agent-1.17.8.jar)
WARNING: If a serviceability tool is in use, please run with -XX:+EnableDynamicAgentLoading to hide this warning
WARNING: If a serviceability tool is not in use, please run with -Djdk.instrument.traceUsage for more information
WARNING: Dynamic loading of agents will be disallowed by default in a future release
]]></system-err>
  </testcase>
  <testcase name="weekNumberIsThreeWhenFirstLogin15DaysAgo" classname="com.moodify.service.DailyMoodServiceRelativeWeekTest" time="0.803">
    <system-out><![CDATA[
  .   ____          _            __ _ _
 /\\ / ___'_ __ _ _(_)_ __  __ _ \ \ \ \
( ( )\___ | '_ | '_| | '_ \/ _` | \ \ \ \
 \\/  ___)| |_)| | | | | || (_| |  ) ) ) )
  '  |____| .__|_| |_|_| |_\__, | / / / /
 =========|_|==============|___/=/_/_/_/

 :: Spring Boot ::                (v3.5.7)

2025-11-16T10:19:31.241+07:00  INFO 29992 --- [           main] c.m.s.DailyMoodServiceRelativeWeekTest   : Starting DailyMoodServiceRelativeWeekTest using Java 23.0.1 with PID 29992 (started by ACER in D:\TUGAS DAN MATERI\SMT3\Praktek Pemrograman Berorientasi Obyek\projek_uas\moodify-springboot\server)
2025-11-16T10:19:31.241+07:00  INFO 29992 --- [           main] c.m.s.DailyMoodServiceRelativeWeekTest   : No active profile set, falling back to 1 default profile: "default"
2025-11-16T10:19:31.555+07:00  INFO 29992 --- [           main] .s.d.r.c.RepositoryConfigurationDelegate : Bootstrapping Spring Data JPA repositories in DEFAULT mode.
2025-11-16T10:19:31.576+07:00  INFO 29992 --- [           main] .s.d.r.c.RepositoryConfigurationDelegate : Finished Spring Data repository scanning in 19 ms. Found 3 JPA repository interfaces.
2025-11-16T10:19:31.780+07:00  INFO 29992 --- [           main] com.zaxxer.hikari.HikariDataSource       : HikariPool-2 - Starting...
2025-11-16T10:19:32.128+07:00  INFO 29992 --- [           main] com.zaxxer.hikari.pool.HikariPool        : HikariPool-2 - Added connection org.postgresql.jdbc.PgConnection@6cf71064
2025-11-16T10:19:32.130+07:00  INFO 29992 --- [           main] com.zaxxer.hikari.HikariDataSource       : HikariPool-2 - Start completed.
2025-11-16T10:19:32.203+07:00  INFO 29992 --- [           main] org.flywaydb.core.FlywayExecutor         : Database: jdbc:postgresql://db.uvityxeuaizryuiosebq.supabase.co:5432/postgres?user=postgres&password=********&sslmode=require (PostgreSQL 17.6)
2025-11-16T10:19:32.945+07:00  INFO 29992 --- [           main] o.f.core.internal.command.DbValidate     : Successfully validated 4 migrations (execution time 00:00.137s)
2025-11-16T10:19:33.321+07:00  INFO 29992 --- [           main] o.f.core.internal.command.DbMigrate      : Current version of schema "public": 4
2025-11-16T10:19:33.353+07:00  INFO 29992 --- [           main] o.f.core.internal.command.DbMigrate      : Schema "public" is up to date. No migration necessary.
2025-11-16T10:19:33.576+07:00  INFO 29992 --- [           main] o.hibernate.jpa.internal.util.LogHelper  : HHH000204: Processing PersistenceUnitInfo [name: default]
2025-11-16T10:19:33.583+07:00  INFO 29992 --- [           main] o.h.c.internal.RegionFactoryInitiator    : HHH000026: Second-level cache disabled
2025-11-16T10:19:33.607+07:00  INFO 29992 --- [           main] o.s.o.j.p.SpringPersistenceUnitInfo      : No LoadTimeWeaver setup: ignoring JPA class transformer
2025-11-16T10:19:33.736+07:00  INFO 29992 --- [           main] org.hibernate.orm.connections.pooling    : HHH10001005: Database info:
	Database JDBC URL [Connecting through datasource 'HikariDataSource (HikariPool-2)']
	Database driver: undefined/unknown
	Database version: 17.6
	Autocommit mode: undefined/unknown
	Isolation level: undefined/unknown
	Minimum pool size: undefined/unknown
	Maximum pool size: undefined/unknown
2025-11-16T10:19:33.844+07:00  INFO 29992 --- [           main] o.h.e.t.j.p.i.JtaPlatformInitiator       : HHH000489: No JTA platform available (set 'hibernate.transaction.jta.platform' to enable JTA platform integration)
2025-11-16T10:19:33.845+07:00  INFO 29992 --- [           main] j.LocalContainerEntityManagerFactoryBean : Initialized JPA EntityManagerFactory for persistence unit 'default'
2025-11-16T10:19:34.135+07:00  WARN 29992 --- [           main] JpaBaseConfiguration$JpaWebConfiguration : spring.jpa.open-in-view is enabled by default. Therefore, database queries may be performed during view rendering. Explicitly configure spring.jpa.open-in-view to disable this warning
2025-11-16T10:19:34.338+07:00  INFO 29992 --- [           main] c.m.s.DailyMoodServiceRelativeWeekTest   : Started DailyMoodServiceRelativeWeekTest in 3.161 seconds (process running for 21.24)
2025-11-16T10:19:34.390+07:00 DEBUG 29992 --- [           main] org.hibernate.SQL                        : 
    select
        dme1_0.id,
        dme1_0.created_at,
        dme1_0.entry_date,
        dme1_0.day_name,
        dme1_0.mood,
        dme1_0.user_id,
        dme1_0.week_number 
    from
        daily_mood_entries dme1_0 
    where
        dme1_0.user_id=? 
        and dme1_0.entry_date between ? and ?
Hibernate: 
    select
        dme1_0.id,
        dme1_0.created_at,
        dme1_0.entry_date,
        dme1_0.day_name,
        dme1_0.mood,
        dme1_0.user_id,
        dme1_0.week_number 
    from
        daily_mood_entries dme1_0 
    where
        dme1_0.user_id=? 
        and dme1_0.entry_date between ? and ?
2025-11-16T10:19:34.428+07:00 DEBUG 29992 --- [           main] org.hibernate.SQL                        : 
    insert 
    into
        users
        (first_login, password_hash, username, id) 
    values
        (?, ?, ?, ?)
Hibernate: 
    insert 
    into
        users
        (first_login, password_hash, username, id) 
    values
        (?, ?, ?, ?)
2025-11-16T10:19:34.461+07:00 DEBUG 29992 --- [           main] org.hibernate.SQL                        : 
    insert 
    into
        daily_mood_entries
        (created_at, entry_date, day_name, mood, user_id, week_number, id) 
    values
        (?, ?, ?, ?, ?, ?, ?)
Hibernate: 
    insert 
    into
        daily_mood_entries
        (created_at, entry_date, day_name, mood, user_id, week_number, id) 
    values
        (?, ?, ?, ?, ?, ?, ?)
2025-11-16T10:19:34.494+07:00 DEBUG 29992 --- [           main] org.hibernate.SQL                        : 
    insert 
    into
        daily_mood_entries
        (created_at, entry_date, day_name, mood, user_id, week_number, id) 
    values
        (?, ?, ?, ?, ?, ?, ?)
Hibernate: 
    insert 
    into
        daily_mood_entries
        (created_at, entry_date, day_name, mood, user_id, week_number, id) 
    values
        (?, ?, ?, ?, ?, ?, ?)
2025-11-16T10:19:34.527+07:00 DEBUG 29992 --- [           main] org.hibernate.SQL                        : 
    insert 
    into
        daily_mood_entries
        (created_at, entry_date, day_name, mood, user_id, week_number, id) 
    values
        (?, ?, ?, ?, ?, ?, ?)
Hibernate: 
    insert 
    into
        daily_mood_entries
        (created_at, entry_date, day_name, mood, user_id, week_number, id) 
    values
        (?, ?, ?, ?, ?, ?, ?)
2025-11-16T10:19:34.559+07:00 DEBUG 29992 --- [           main] org.hibernate.SQL                        : 
    insert 
    into
        daily_mood_entries
        (created_at, entry_date, day_name, mood, user_id, week_number, id) 
    values
        (?, ?, ?, ?, ?, ?, ?)
Hibernate: 
    insert 
    into
        daily_mood_entries
        (created_at, entry_date, day_name, mood, user_id, week_number, id) 
    values
        (?, ?, ?, ?, ?, ?, ?)
2025-11-16T10:19:34.592+07:00 DEBUG 29992 --- [           main] org.hibernate.SQL                        : 
    insert 
    into
        daily_mood_entries
        (created_at, entry_date, day_name, mood, user_id, week_number, id) 
    values
        (?, ?, ?, ?, ?, ?, ?)
Hibernate: 
    insert 
    into
        daily_mood_entries
        (created_at, entry_date, day_name, mood, user_id, week_number, id) 
    values
        (?, ?, ?, ?, ?, ?, ?)
2025-11-16T10:19:34.625+07:00 DEBUG 29992 --- [           main] org.hibernate.SQL                        : 
    insert 
    into
        daily_mood_entries
        (created_at, entry_date, day_name, mood, user_id, week_number, id) 
    values
        (?, ?, ?, ?, ?, ?, ?)
Hibernate: 
    insert 
    into
        daily_mood_entries
        (created_at, entry_date, day_name, mood, user_id, week_number, id) 
    values
        (?, ?, ?, ?, ?, ?, ?)
2025-11-16T10:19:34.659+07:00 DEBUG 29992 --- [           main] org.hibernate.SQL                        : 
    insert 
    into
        daily_mood_entries
        (created_at, entry_date, day_name, mood, user_id, week_number, id) 
    values
        (?, ?, ?, ?, ?, ?, ?)
Hibernate: 
    insert 
    into
        daily_mood_entries
        (created_at, entry_date, day_name, mood, user_id, week_number, id) 
    values
        (?, ?, ?, ?, ?, ?, ?)
2025-11-16T10:19:34.693+07:00 DEBUG 29992 --- [           main] org.hibernate.SQL                        : 
    select
        dme1_0.id,
        dme1_0.created_at,
        dme1_0.entry_date,
        dme1_0.day_name,
        dme1_0.mood,
        dme1_0.user_id,
        dme1_0.week_number 
    from
        daily_mood_entries dme1_0 
    where
        dme1_0.user_id=? 
        and dme1_0.entry_date between ? and ?
Hibernate: 
    select
        dme1_0.id,
        dme1_0.created_at,
        dme1_0.entry_date,
        dme1_0.day_name,
        dme1_0.mood,
        dme1_0.user_id,
        dme1_0.week_number 
    from
        daily_mood_entries dme1_0 
    where
        dme1_0.user_id=? 
        and dme1_0.entry_date between ? and ?
2025-11-16T10:19:34.775+07:00  INFO 29992 --- [           main] j.LocalContainerEntityManagerFactoryBean : Closing JPA EntityManagerFactory for persistence unit 'default'
2025-11-16T10:19:34.776+07:00  INFO 29992 --- [           main] com.zaxxer.hikari.HikariDataSource       : HikariPool-2 - Shutdown initiated...
2025-11-16T10:19:35.142+07:00  INFO 29992 --- [           main] com.zaxxer.hikari.HikariDataSource       : HikariPool-2 - Shutdown completed.
]]></system-out>
  </testcase>
  <testcase name="weekNumberIsOneWhenFirstLoginToday" classname="com.moodify.service.DailyMoodServiceRelativeWeekTest" time="2.296">
    <system-out><![CDATA[
  .   ____          _            __ _ _
 /\\ / ___'_ __ _ _(_)_ __  __ _ \ \ \ \
( ( )\___ | '_ | '_| | '_ \/ _` | \ \ \ \
 \\/  ___)| |_)| | | | | || (_| |  ) ) ) )
  '  |____| .__|_| |_|_| |_\__, | / / / /
 =========|_|==============|___/=/_/_/_/

 :: Spring Boot ::                (v3.5.7)

2025-11-16T10:19:35.266+07:00  INFO 29992 --- [           main] c.m.s.DailyMoodServiceRelativeWeekTest   : Starting DailyMoodServiceRelativeWeekTest using Java 23.0.1 with PID 29992 (started by ACER in D:\TUGAS DAN MATERI\SMT3\Praktek Pemrograman Berorientasi Obyek\projek_uas\moodify-springboot\server)
2025-11-16T10:19:35.268+07:00  INFO 29992 --- [           main] c.m.s.DailyMoodServiceRelativeWeekTest   : No active profile set, falling back to 1 default profile: "default"
2025-11-16T10:19:35.551+07:00  INFO 29992 --- [           main] .s.d.r.c.RepositoryConfigurationDelegate : Bootstrapping Spring Data JPA repositories in DEFAULT mode.
2025-11-16T10:19:35.584+07:00  INFO 29992 --- [           main] .s.d.r.c.RepositoryConfigurationDelegate : Finished Spring Data repository scanning in 18 ms. Found 3 JPA repository interfaces.
2025-11-16T10:19:35.730+07:00  INFO 29992 --- [           main] com.zaxxer.hikari.HikariDataSource       : HikariPool-3 - Starting...
2025-11-16T10:19:36.170+07:00  INFO 29992 --- [           main] com.zaxxer.hikari.pool.HikariPool        : HikariPool-3 - Added connection org.postgresql.jdbc.PgConnection@7b0f5814
2025-11-16T10:19:36.171+07:00  INFO 29992 --- [           main] com.zaxxer.hikari.HikariDataSource       : HikariPool-3 - Start completed.
2025-11-16T10:19:36.204+07:00  INFO 29992 --- [           main] org.flywaydb.core.FlywayExecutor         : Database: jdbc:postgresql://db.uvityxeuaizryuiosebq.supabase.co:5432/postgres?user=postgres&password=********&sslmode=require (PostgreSQL 17.6)
2025-11-16T10:19:36.647+07:00  INFO 29992 --- [           main] o.f.core.internal.command.DbValidate     : Successfully validated 4 migrations (execution time 00:00.132s)
2025-11-16T10:19:37.022+07:00  INFO 29992 --- [           main] o.f.core.internal.command.DbMigrate      : Current version of schema "public": 4
2025-11-16T10:19:37.058+07:00  INFO 29992 --- [           main] o.f.core.internal.command.DbMigrate      : Schema "public" is up to date. No migration necessary.
2025-11-16T10:19:37.281+07:00  INFO 29992 --- [           main] o.hibernate.jpa.internal.util.LogHelper  : HHH000204: Processing PersistenceUnitInfo [name: default]
2025-11-16T10:19:37.284+07:00  INFO 29992 --- [           main] o.h.c.internal.RegionFactoryInitiator    : HHH000026: Second-level cache disabled
2025-11-16T10:19:37.300+07:00  INFO 29992 --- [           main] o.s.o.j.p.SpringPersistenceUnitInfo      : No LoadTimeWeaver setup: ignoring JPA class transformer
2025-11-16T10:19:37.425+07:00  INFO 29992 --- [           main] org.hibernate.orm.connections.pooling    : HHH10001005: Database info:
	Database JDBC URL [Connecting through datasource 'HikariDataSource (HikariPool-3)']
	Database driver: undefined/unknown
	Database version: 17.6
	Autocommit mode: undefined/unknown
	Isolation level: undefined/unknown
	Minimum pool size: undefined/unknown
	Maximum pool size: undefined/unknown
2025-11-16T10:19:37.530+07:00  INFO 29992 --- [           main] o.h.e.t.j.p.i.JtaPlatformInitiator       : HHH000489: No JTA platform available (set 'hibernate.transaction.jta.platform' to enable JTA platform integration)
2025-11-16T10:19:37.531+07:00  INFO 29992 --- [           main] j.LocalContainerEntityManagerFactoryBean : Initialized JPA EntityManagerFactory for persistence unit 'default'
2025-11-16T10:19:37.667+07:00  WARN 29992 --- [           main] JpaBaseConfiguration$JpaWebConfiguration : spring.jpa.open-in-view is enabled by default. Therefore, database queries may be performed during view rendering. Explicitly configure spring.jpa.open-in-view to disable this warning
2025-11-16T10:19:37.858+07:00  INFO 29992 --- [           main] c.m.s.DailyMoodServiceRelativeWeekTest   : Started DailyMoodServiceRelativeWeekTest in 2.702 seconds (process running for 24.76)
2025-11-16T10:19:37.869+07:00 DEBUG 29992 --- [           main] org.hibernate.SQL                        : 
    select
        dme1_0.id,
        dme1_0.created_at,
        dme1_0.entry_date,
        dme1_0.day_name,
        dme1_0.mood,
        dme1_0.user_id,
        dme1_0.week_number 
    from
        daily_mood_entries dme1_0 
    where
        dme1_0.user_id=? 
        and dme1_0.entry_date between ? and ?
Hibernate: 
    select
        dme1_0.id,
        dme1_0.created_at,
        dme1_0.entry_date,
        dme1_0.day_name,
        dme1_0.mood,
        dme1_0.user_id,
        dme1_0.week_number 
    from
        daily_mood_entries dme1_0 
    where
        dme1_0.user_id=? 
        and dme1_0.entry_date between ? and ?
2025-11-16T10:19:38.017+07:00 DEBUG 29992 --- [           main] org.hibernate.SQL                        : 
    insert 
    into
        users
        (first_login, password_hash, username, id) 
    values
        (?, ?, ?, ?)
Hibernate: 
    insert 
    into
        users
        (first_login, password_hash, username, id) 
    values
        (?, ?, ?, ?)
2025-11-16T10:19:38.071+07:00 DEBUG 29992 --- [           main] org.hibernate.SQL                        : 
    insert 
    into
        daily_mood_entries
        (created_at, entry_date, day_name, mood, user_id, week_number, id) 
    values
        (?, ?, ?, ?, ?, ?, ?)
Hibernate: 
    insert 
    into
        daily_mood_entries
        (created_at, entry_date, day_name, mood, user_id, week_number, id) 
    values
        (?, ?, ?, ?, ?, ?, ?)
2025-11-16T10:19:38.385+07:00 DEBUG 29992 --- [           main] org.hibernate.SQL                        : 
    insert 
    into
        daily_mood_entries
        (created_at, entry_date, day_name, mood, user_id, week_number, id) 
    values
        (?, ?, ?, ?, ?, ?, ?)
Hibernate: 
    insert 
    into
        daily_mood_entries
        (created_at, entry_date, day_name, mood, user_id, week_number, id) 
    values
        (?, ?, ?, ?, ?, ?, ?)
2025-11-16T10:19:38.521+07:00 DEBUG 29992 --- [           main] org.hibernate.SQL                        : 
    insert 
    into
        daily_mood_entries
        (created_at, entry_date, day_name, mood, user_id, week_number, id) 
    values
        (?, ?, ?, ?, ?, ?, ?)
Hibernate: 
    insert 
    into
        daily_mood_entries
        (created_at, entry_date, day_name, mood, user_id, week_number, id) 
    values
        (?, ?, ?, ?, ?, ?, ?)
2025-11-16T10:19:38.567+07:00 DEBUG 29992 --- [           main] org.hibernate.SQL                        : 
    insert 
    into
        daily_mood_entries
        (created_at, entry_date, day_name, mood, user_id, week_number, id) 
    values
        (?, ?, ?, ?, ?, ?, ?)
Hibernate: 
    insert 
    into
        daily_mood_entries
        (created_at, entry_date, day_name, mood, user_id, week_number, id) 
    values
        (?, ?, ?, ?, ?, ?, ?)
2025-11-16T10:19:38.675+07:00 DEBUG 29992 --- [           main] org.hibernate.SQL                        : 
    insert 
    into
        daily_mood_entries
        (created_at, entry_date, day_name, mood, user_id, week_number, id) 
    values
        (?, ?, ?, ?, ?, ?, ?)
Hibernate: 
    insert 
    into
        daily_mood_entries
        (created_at, entry_date, day_name, mood, user_id, week_number, id) 
    values
        (?, ?, ?, ?, ?, ?, ?)
2025-11-16T10:19:38.960+07:00 DEBUG 29992 --- [           main] org.hibernate.SQL                        : 
    insert 
    into
        daily_mood_entries
        (created_at, entry_date, day_name, mood, user_id, week_number, id) 
    values
        (?, ?, ?, ?, ?, ?, ?)
Hibernate: 
    insert 
    into
        daily_mood_entries
        (created_at, entry_date, day_name, mood, user_id, week_number, id) 
    values
        (?, ?, ?, ?, ?, ?, ?)
2025-11-16T10:19:39.046+07:00 DEBUG 29992 --- [           main] org.hibernate.SQL                        : 
    insert 
    into
        daily_mood_entries
        (created_at, entry_date, day_name, mood, user_id, week_number, id) 
    values
        (?, ?, ?, ?, ?, ?, ?)
Hibernate: 
    insert 
    into
        daily_mood_entries
        (created_at, entry_date, day_name, mood, user_id, week_number, id) 
    values
        (?, ?, ?, ?, ?, ?, ?)
2025-11-16T10:19:39.092+07:00 DEBUG 29992 --- [           main] org.hibernate.SQL                        : 
    select
        dme1_0.id,
        dme1_0.created_at,
        dme1_0.entry_date,
        dme1_0.day_name,
        dme1_0.mood,
        dme1_0.user_id,
        dme1_0.week_number 
    from
        daily_mood_entries dme1_0 
    where
        dme1_0.user_id=? 
        and dme1_0.entry_date between ? and ?
Hibernate: 
    select
        dme1_0.id,
        dme1_0.created_at,
        dme1_0.entry_date,
        dme1_0.day_name,
        dme1_0.mood,
        dme1_0.user_id,
        dme1_0.week_number 
    from
        daily_mood_entries dme1_0 
    where
        dme1_0.user_id=? 
        and dme1_0.entry_date between ? and ?
2025-11-16T10:19:39.187+07:00  INFO 29992 --- [           main] j.LocalContainerEntityManagerFactoryBean : Closing JPA EntityManagerFactory for persistence unit 'default'
2025-11-16T10:19:39.188+07:00  INFO 29992 --- [           main] com.zaxxer.hikari.HikariDataSource       : HikariPool-3 - Shutdown initiated...
2025-11-16T10:19:40.154+07:00  INFO 29992 --- [           main] com.zaxxer.hikari.HikariDataSource       : HikariPool-3 - Shutdown completed.
]]></system-out>
  </testcase>
</testsuite>